d:\root\documents\programming\nrf\drinkingdetection\drinkingdetection\visualgdb\debug\drinkingdetection.o
d:\root\documents\programming\nrf\drinkingdetection\drinkingdetection\visualgdb\debug\drinkingdetection.dep
d:\root\documents\programming\nrf\drinkingdetection\drinkingdetection\visualgdb\debug\drinkingdetection.alldeps
d:\root\documents\programming\nrf\drinkingdetection\drinkingdetection\visualgdb\debug\drinkingdetection.gcc.rsp
d:\root\documents\programming\nrf\drinkingdetection\drinkingdetection\visualgdb\debug\userfiles\imu_api\imu_api.o
d:\root\documents\programming\nrf\drinkingdetection\drinkingdetection\visualgdb\debug\userfiles\imu_api\imu_api.dep
d:\root\documents\programming\nrf\drinkingdetection\drinkingdetection\visualgdb\debug\userfiles\imu_api\imu_api.gcc.rsp
d:\root\documents\programming\nrf\drinkingdetection\drinkingdetection\visualgdb\debug\userfiles\imu_api\lsm6dsl\lsm6dsl_reg.gcc.rsp
d:\root\documents\programming\nrf\drinkingdetection\drinkingdetection\visualgdb\debug\userfiles\imu_api\nrfx_twim_imu\imu_low_level.o
d:\root\documents\programming\nrf\drinkingdetection\drinkingdetection\visualgdb\debug\userfiles\imu_api\nrfx_twim_imu\imu_low_level.dep
d:\root\documents\programming\nrf\drinkingdetection\drinkingdetection\visualgdb\debug\userfiles\imu_api\nrfx_twim_imu\imu_low_level.gcc.rsp
d:\root\documents\programming\nrf\drinkingdetection\drinkingdetection\visualgdb\debug\__bsp_root__\nrf5x\modules\nrfx\mdk\system_nrf52840.o
d:\root\documents\programming\nrf\drinkingdetection\drinkingdetection\visualgdb\debug\__bsp_root__\nrf5x\modules\nrfx\mdk\system_nrf52840.dep
d:\root\documents\programming\nrf\drinkingdetection\drinkingdetection\visualgdb\debug\__bsp_root__\nrf5x\modules\nrfx\mdk\system_nrf52840.gcc.rsp
d:\root\documents\programming\nrf\drinkingdetection\drinkingdetection\visualgdb\debug\__bsp_root__\nrf5x\integration\nrfx\legacy\nrf_drv_power.o
d:\root\documents\programming\nrf\drinkingdetection\drinkingdetection\visualgdb\debug\__bsp_root__\nrf5x\integration\nrfx\legacy\nrf_drv_rng.o
d:\root\documents\programming\nrf\drinkingdetection\drinkingdetection\visualgdb\debug\__bsp_root__\nrf5x\integration\nrfx\legacy\nrf_drv_uart.o
d:\root\documents\programming\nrf\drinkingdetection\drinkingdetection\visualgdb\debug\__bsp_root__\nrf5x\integration\nrfx\legacy\nrf_drv_power.dep
d:\root\documents\programming\nrf\drinkingdetection\drinkingdetection\visualgdb\debug\__bsp_root__\nrf5x\integration\nrfx\legacy\nrf_drv_rng.dep
d:\root\documents\programming\nrf\drinkingdetection\drinkingdetection\visualgdb\debug\__bsp_root__\nrf5x\integration\nrfx\legacy\nrf_drv_uart.dep
d:\root\documents\programming\nrf\drinkingdetection\drinkingdetection\visualgdb\debug\__bsp_root__\nrf5x\integration\nrfx\legacy\nrf_drv_power.gcc.rsp
d:\root\documents\programming\nrf\drinkingdetection\drinkingdetection\visualgdb\debug\__bsp_root__\nrf5x\integration\nrfx\legacy\nrf_drv_rng.gcc.rsp
d:\root\documents\programming\nrf\drinkingdetection\drinkingdetection\visualgdb\debug\__bsp_root__\nrf5x\integration\nrfx\legacy\nrf_drv_uart.gcc.rsp
d:\root\documents\programming\nrf\drinkingdetection\drinkingdetection\visualgdb\debug\__bsp_root__\nrf5x\components\libraries\util\app_error.o
d:\root\documents\programming\nrf\drinkingdetection\drinkingdetection\visualgdb\debug\__bsp_root__\nrf5x\components\libraries\util\app_error_handler_gcc.o
d:\root\documents\programming\nrf\drinkingdetection\drinkingdetection\visualgdb\debug\__bsp_root__\nrf5x\components\libraries\util\app_error_weak.o
d:\root\documents\programming\nrf\drinkingdetection\drinkingdetection\visualgdb\debug\__bsp_root__\nrf5x\components\libraries\util\app_util_platform.o
d:\root\documents\programming\nrf\drinkingdetection\drinkingdetection\visualgdb\debug\__bsp_root__\nrf5x\components\libraries\util\app_error.dep
d:\root\documents\programming\nrf\drinkingdetection\drinkingdetection\visualgdb\debug\__bsp_root__\nrf5x\components\libraries\util\app_error_handler_gcc.dep
d:\root\documents\programming\nrf\drinkingdetection\drinkingdetection\visualgdb\debug\__bsp_root__\nrf5x\components\libraries\util\app_error_weak.dep
d:\root\documents\programming\nrf\drinkingdetection\drinkingdetection\visualgdb\debug\__bsp_root__\nrf5x\components\libraries\util\app_util_platform.dep
d:\root\documents\programming\nrf\drinkingdetection\drinkingdetection\visualgdb\debug\__bsp_root__\nrf5x\components\libraries\util\app_error.gcc.rsp
d:\root\documents\programming\nrf\drinkingdetection\drinkingdetection\visualgdb\debug\__bsp_root__\nrf5x\components\libraries\util\app_error_handler_gcc.gcc.rsp
d:\root\documents\programming\nrf\drinkingdetection\drinkingdetection\visualgdb\debug\__bsp_root__\nrf5x\components\libraries\util\app_error_weak.gcc.rsp
d:\root\documents\programming\nrf\drinkingdetection\drinkingdetection\visualgdb\debug\__bsp_root__\nrf5x\components\libraries\util\app_util_platform.gcc.rsp
d:\root\documents\programming\nrf\drinkingdetection\drinkingdetection\visualgdb\debug\__bsp_root__\nrf5x\components\libraries\util\nrf_assert.gcc.rsp
d:\root\documents\programming\nrf\drinkingdetection\drinkingdetection\visualgdb\debug\__bsp_root__\nrf5x\components\libraries\util\sdk_mapped_flags.gcc.rsp
d:\root\documents\programming\nrf\drinkingdetection\drinkingdetection\visualgdb\debug\__bsp_root__\nrf5x\components\boards\boards.gcc.rsp
d:\root\documents\programming\nrf\drinkingdetection\drinkingdetection\visualgdb\debug\__bsp_root__\nrf5x\components\libraries\atomic\nrf_atomic.gcc.rsp
d:\root\documents\programming\nrf\drinkingdetection\drinkingdetection\visualgdb\debug\__bsp_root__\nrf5x\components\libraries\atomic_fifo\nrf_atfifo.gcc.rsp
d:\root\documents\programming\nrf\drinkingdetection\drinkingdetection\visualgdb\debug\__bsp_root__\nrf5x\components\libraries\atomic_flags\nrf_atflags.gcc.rsp
d:\root\documents\programming\nrf\drinkingdetection\drinkingdetection\visualgdb\debug\__bsp_root__\nrf5x\components\libraries\balloc\nrf_balloc.gcc.rsp
d:\root\documents\programming\nrf\drinkingdetection\drinkingdetection\visualgdb\debug\__bsp_root__\nrf5x\components\libraries\bsp\bsp.gcc.rsp
d:\root\documents\programming\nrf\drinkingdetection\drinkingdetection\visualgdb\debug\__bsp_root__\nrf5x\components\libraries\bsp\bsp_btn_ant.gcc.rsp
d:\root\documents\programming\nrf\drinkingdetection\drinkingdetection\visualgdb\debug\__bsp_root__\nrf5x\components\libraries\bsp\bsp_btn_ble.gcc.rsp
d:\root\documents\programming\nrf\drinkingdetection\drinkingdetection\visualgdb\debug\__bsp_root__\nrf5x\components\libraries\bsp\bsp_cli.gcc.rsp
d:\root\documents\programming\nrf\drinkingdetection\drinkingdetection\visualgdb\debug\__bsp_root__\nrf5x\components\libraries\bsp\bsp_nfc.gcc.rsp
d:\root\documents\programming\nrf\drinkingdetection\drinkingdetection\visualgdb\debug\__bsp_root__\nrf5x\components\libraries\csense_drv\nrf_drv_csense.gcc.rsp
d:\root\documents\programming\nrf\drinkingdetection\drinkingdetection\visualgdb\debug\__bsp_root__\nrf5x\components\libraries\experimental_section_vars\nrf_section_iter.gcc.rsp
d:\root\documents\programming\nrf\drinkingdetection\drinkingdetection\visualgdb\debug\__bsp_root__\nrf5x\components\libraries\fds\fds.gcc.rsp
d:\root\documents\programming\nrf\drinkingdetection\drinkingdetection\visualgdb\debug\__bsp_root__\nrf5x\components\libraries\gfx\nrf_gfx.gcc.rsp
d:\root\documents\programming\nrf\drinkingdetection\drinkingdetection\visualgdb\debug\__bsp_root__\nrf5x\components\libraries\hardfault\hardfault_implementation.gcc.rsp
d:\root\documents\programming\nrf\drinkingdetection\drinkingdetection\visualgdb\debug\__bsp_root__\nrf5x\components\libraries\log\src\nrf_log_backend_flash.gcc.rsp
d:\root\documents\programming\nrf\drinkingdetection\drinkingdetection\visualgdb\debug\__bsp_root__\nrf5x\components\libraries\log\src\nrf_log_backend_rtt.gcc.rsp
d:\root\documents\programming\nrf\drinkingdetection\drinkingdetection\visualgdb\debug\__bsp_root__\nrf5x\components\libraries\log\src\nrf_log_backend_serial.gcc.rsp
d:\root\documents\programming\nrf\drinkingdetection\drinkingdetection\visualgdb\debug\__bsp_root__\nrf5x\components\libraries\log\src\nrf_log_backend_uart.gcc.rsp
d:\root\documents\programming\nrf\drinkingdetection\drinkingdetection\visualgdb\debug\__bsp_root__\nrf5x\components\libraries\log\src\nrf_log_default_backends.gcc.rsp
d:\root\documents\programming\nrf\drinkingdetection\drinkingdetection\visualgdb\debug\__bsp_root__\nrf5x\components\libraries\log\src\nrf_log_frontend.gcc.rsp
d:\root\documents\programming\nrf\drinkingdetection\drinkingdetection\visualgdb\debug\__bsp_root__\nrf5x\components\libraries\log\src\nrf_log_str_formatter.gcc.rsp
d:\root\documents\programming\nrf\drinkingdetection\drinkingdetection\visualgdb\debug\__bsp_root__\nrf5x\components\libraries\memobj\nrf_memobj.gcc.rsp
d:\root\documents\programming\nrf\drinkingdetection\drinkingdetection\visualgdb\debug\__bsp_root__\nrf5x\components\libraries\pwr_mgmt\nrf_pwr_mgmt.gcc.rsp
d:\root\documents\programming\nrf\drinkingdetection\drinkingdetection\visualgdb\debug\__bsp_root__\nrf5x\components\libraries\scheduler\app_scheduler.gcc.rsp
d:\root\documents\programming\nrf\drinkingdetection\drinkingdetection\visualgdb\debug\__bsp_root__\nrf5x\components\libraries\strerror\nrf_strerror.gcc.rsp
d:\root\documents\programming\nrf\drinkingdetection\drinkingdetection\visualgdb\debug\__bsp_root__\nrf5x\components\libraries\timer\app_timer2.gcc.rsp
d:\root\documents\programming\nrf\drinkingdetection\drinkingdetection\visualgdb\debug\__bsp_root__\nrf5x\components\libraries\timer\drv_rtc.gcc.rsp
d:\root\documents\programming\nrf\drinkingdetection\drinkingdetection\visualgdb\debug\__bsp_root__\nrf5x\components\libraries\uart\app_uart_fifo.gcc.rsp
d:\root\documents\programming\nrf\drinkingdetection\drinkingdetection\visualgdb\debug\__bsp_root__\nrf5x\components\libraries\uart\retarget.gcc.rsp
d:\root\documents\programming\nrf\drinkingdetection\drinkingdetection\visualgdb\debug\__bsp_root__\nrf5x\external\fprintf\nrf_fprintf.gcc.rsp
d:\root\documents\programming\nrf\drinkingdetection\drinkingdetection\visualgdb\debug\__bsp_root__\nrf5x\external\fprintf\nrf_fprintf_format.gcc.rsp
d:\root\documents\programming\nrf\drinkingdetection\drinkingdetection\visualgdb\debug\__bsp_root__\nrf5x\modules\nrfx\drivers\src\nrfx_adc.gcc.rsp
d:\root\documents\programming\nrf\drinkingdetection\drinkingdetection\visualgdb\debug\__bsp_root__\nrf5x\modules\nrfx\drivers\src\nrfx_clock.gcc.rsp
d:\root\documents\programming\nrf\drinkingdetection\drinkingdetection\visualgdb\debug\__bsp_root__\nrf5x\modules\nrfx\drivers\src\nrfx_comp.gcc.rsp
d:\root\documents\programming\nrf\drinkingdetection\drinkingdetection\visualgdb\debug\__bsp_root__\nrf5x\modules\nrfx\drivers\src\nrfx_dppi.gcc.rsp
d:\root\documents\programming\nrf\drinkingdetection\drinkingdetection\visualgdb\debug\__bsp_root__\nrf5x\modules\nrfx\drivers\src\nrfx_gpiote.gcc.rsp
d:\root\documents\programming\nrf\drinkingdetection\drinkingdetection\visualgdb\debug\__bsp_root__\nrf5x\modules\nrfx\drivers\src\nrfx_i2s.gcc.rsp
d:\root\documents\programming\nrf\drinkingdetection\drinkingdetection\visualgdb\debug\__bsp_root__\nrf5x\modules\nrfx\drivers\src\nrfx_lpcomp.gcc.rsp
d:\root\documents\programming\nrf\drinkingdetection\drinkingdetection\visualgdb\debug\__bsp_root__\nrf5x\modules\nrfx\drivers\src\nrfx_nfct.gcc.rsp
d:\root\documents\programming\nrf\drinkingdetection\drinkingdetection\visualgdb\debug\__bsp_root__\nrf5x\modules\nrfx\drivers\src\nrfx_nvmc.gcc.rsp
d:\root\documents\programming\nrf\drinkingdetection\drinkingdetection\visualgdb\debug\__bsp_root__\nrf5x\modules\nrfx\drivers\src\nrfx_pdm.gcc.rsp
d:\root\documents\programming\nrf\drinkingdetection\drinkingdetection\visualgdb\debug\__bsp_root__\nrf5x\modules\nrfx\drivers\src\nrfx_power.gcc.rsp
d:\root\documents\programming\nrf\drinkingdetection\drinkingdetection\visualgdb\debug\__bsp_root__\nrf5x\modules\nrfx\drivers\src\nrfx_ppi.gcc.rsp
d:\root\documents\programming\nrf\drinkingdetection\drinkingdetection\visualgdb\debug\__bsp_root__\nrf5x\modules\nrfx\drivers\src\nrfx_pwm.gcc.rsp
d:\root\documents\programming\nrf\drinkingdetection\drinkingdetection\visualgdb\debug\__bsp_root__\nrf5x\modules\nrfx\drivers\src\nrfx_qdec.gcc.rsp
d:\root\documents\programming\nrf\drinkingdetection\drinkingdetection\visualgdb\debug\__bsp_root__\nrf5x\modules\nrfx\drivers\src\nrfx_qspi.gcc.rsp
d:\root\documents\programming\nrf\drinkingdetection\drinkingdetection\visualgdb\debug\__bsp_root__\nrf5x\modules\nrfx\drivers\src\nrfx_rng.gcc.rsp
d:\root\documents\programming\nrf\drinkingdetection\drinkingdetection\visualgdb\debug\__bsp_root__\nrf5x\modules\nrfx\drivers\src\nrfx_rtc.gcc.rsp
d:\root\documents\programming\nrf\drinkingdetection\drinkingdetection\visualgdb\debug\__bsp_root__\nrf5x\modules\nrfx\drivers\src\nrfx_saadc.gcc.rsp
d:\root\documents\programming\nrf\drinkingdetection\drinkingdetection\visualgdb\debug\__bsp_root__\nrf5x\modules\nrfx\drivers\src\nrfx_spi.gcc.rsp
d:\root\documents\programming\nrf\drinkingdetection\drinkingdetection\visualgdb\debug\__bsp_root__\nrf5x\modules\nrfx\drivers\src\nrfx_spim.gcc.rsp
d:\root\documents\programming\nrf\drinkingdetection\drinkingdetection\visualgdb\debug\__bsp_root__\nrf5x\modules\nrfx\drivers\src\nrfx_spis.gcc.rsp
d:\root\documents\programming\nrf\drinkingdetection\drinkingdetection\visualgdb\debug\__bsp_root__\nrf5x\modules\nrfx\drivers\src\nrfx_swi.gcc.rsp
d:\root\documents\programming\nrf\drinkingdetection\drinkingdetection\visualgdb\debug\__bsp_root__\nrf5x\modules\nrfx\drivers\src\nrfx_systick.gcc.rsp
d:\root\documents\programming\nrf\drinkingdetection\drinkingdetection\visualgdb\debug\__bsp_root__\nrf5x\modules\nrfx\drivers\src\nrfx_temp.gcc.rsp
d:\root\documents\programming\nrf\drinkingdetection\drinkingdetection\visualgdb\debug\__bsp_root__\nrf5x\modules\nrfx\drivers\src\nrfx_timer.gcc.rsp
d:\root\documents\programming\nrf\drinkingdetection\drinkingdetection\visualgdb\debug\__bsp_root__\nrf5x\modules\nrfx\drivers\src\nrfx_twi.gcc.rsp
d:\root\documents\programming\nrf\drinkingdetection\drinkingdetection\visualgdb\debug\__bsp_root__\nrf5x\modules\nrfx\drivers\src\nrfx_twim.gcc.rsp
d:\root\documents\programming\nrf\drinkingdetection\drinkingdetection\visualgdb\debug\__bsp_root__\nrf5x\modules\nrfx\drivers\src\nrfx_twis.gcc.rsp
d:\root\documents\programming\nrf\drinkingdetection\drinkingdetection\visualgdb\debug\__bsp_root__\nrf5x\modules\nrfx\drivers\src\nrfx_twi_twim.gcc.rsp
d:\root\documents\programming\nrf\drinkingdetection\drinkingdetection\visualgdb\debug\__bsp_root__\nrf5x\modules\nrfx\drivers\src\nrfx_uart.gcc.rsp
d:\root\documents\programming\nrf\drinkingdetection\drinkingdetection\visualgdb\debug\__bsp_root__\nrf5x\modules\nrfx\drivers\src\nrfx_uarte.gcc.rsp
d:\root\documents\programming\nrf\drinkingdetection\drinkingdetection\visualgdb\debug\__bsp_root__\nrf5x\modules\nrfx\drivers\src\nrfx_usbd.gcc.rsp
d:\root\documents\programming\nrf\drinkingdetection\drinkingdetection\visualgdb\debug\__bsp_root__\nrf5x\modules\nrfx\drivers\src\nrfx_wdt.gcc.rsp
d:\root\documents\programming\nrf\drinkingdetection\drinkingdetection\visualgdb\debug\__bsp_root__\nrf5x\modules\nrfx\drivers\src\prs\nrfx_prs.gcc.rsp
d:\root\documents\programming\nrf\drinkingdetection\drinkingdetection\visualgdb\debug\__bsp_root__\nrf5x\modules\nrfx\hal\nrf_ecb.gcc.rsp
d:\root\documents\programming\nrf\drinkingdetection\drinkingdetection\visualgdb\debug\__bsp_root__\nrf5x\modules\nrfx\hal\nrf_nvmc.gcc.rsp
d:\root\documents\programming\nrf\drinkingdetection\drinkingdetection\visualgdb\debug\__bsp_root__\nrf5x\modules\nrfx\soc\nrfx_atomic.gcc.rsp
d:\root\documents\programming\nrf\drinkingdetection\drinkingdetection\visualgdb\debug\__bsp_root__\nrf5x\components\libraries\ringbuf\nrf_ringbuf.gcc.rsp
